<?xml version="1.0" encoding="UTF-8"?>
<testng-results ignored="1" total="2" passed="1" failed="0" skipped="0">
  <reporter-output>
  </reporter-output>
  <suite started-at="2025-08-24T00:10:12 IST" name="Suite1" finished-at="2025-08-24T00:10:28 IST" duration-ms="15950">
    <groups>
    </groups>
    <test started-at="2025-08-24T00:10:12 IST" name="Test1" finished-at="2025-08-24T00:10:28 IST" duration-ms="15950">
      <class name="test.testNG_Demo">
        <test-method is-config="true" signature="setUpTest()[pri:0, instance:test.testNG_Demo@67c27493]" started-at="2025-08-24T00:10:12 IST" name="setUpTest" finished-at="2025-08-24T00:10:13 IST" duration-ms="985" status="PASS">
          <reporter-output>
          </reporter-output>
        </test-method> <!-- setUpTest -->
        <test-method signature="googlesearch()[pri:0, instance:test.testNG_Demo@67c27493]" started-at="2025-08-24T00:10:13 IST" name="googlesearch" finished-at="2025-08-24T00:10:28 IST" duration-ms="14230" status="PASS">
          <reporter-output>
          </reporter-output>
        </test-method> <!-- googlesearch -->
        <test-method is-config="true" signature="teaeDownTest()[pri:0, instance:test.testNG_Demo@67c27493]" started-at="2025-08-24T00:10:28 IST" name="teaeDownTest" finished-at="2025-08-24T00:10:28 IST" duration-ms="0" status="PASS">
          <reporter-output>
          </reporter-output>
        </test-method> <!-- teaeDownTest -->
      </class> <!-- test.testNG_Demo -->
      <class name="test.testNG_Demo2">
        <test-method is-config="true" signature="setUpTest()[pri:0, instance:test.testNG_Demo2@747ddf94]" started-at="2025-08-24T00:10:13 IST" name="setUpTest" finished-at="2025-08-24T00:10:13 IST" duration-ms="717" status="PASS">
          <reporter-output>
          </reporter-output>
        </test-method> <!-- setUpTest -->
        <test-method is-config="true" signature="teaeDownTest()[pri:0, instance:test.testNG_Demo2@747ddf94]" started-at="2025-08-24T00:10:28 IST" name="teaeDownTest" finished-at="2025-08-24T00:10:28 IST" duration-ms="0" status="PASS">
          <reporter-output>
          </reporter-output>
        </test-method> <!-- teaeDownTest -->
      </class> <!-- test.testNG_Demo2 -->
    </test> <!-- Test1 -->
  </suite> <!-- Suite1 -->
</testng-results>
