<?xml version="1.0" encoding="UTF-8"?>
<testng-results ignored="0" total="1" passed="1" failed="0" skipped="0">
  <reporter-output>
  </reporter-output>
  <suite started-at="2025-09-03T12:38:06 IST" name="Default suite" finished-at="2025-09-03T12:38:12 IST" duration-ms="5800">
    <groups>
    </groups>
    <test started-at="2025-09-03T12:38:06 IST" name="Default test" finished-at="2025-09-03T12:38:12 IST" duration-ms="5800">
      <class name="tests.LoginTest">
        <test-method is-config="true" signature="setup()[pri:0, instance:tests.LoginTest@399f45b1]" started-at="2025-09-03T12:38:06 IST" name="setup" finished-at="2025-09-03T12:38:10 IST" duration-ms="4360" status="PASS">
          <reporter-output>
          </reporter-output>
        </test-method> <!-- setup -->
        <test-method signature="testValidationLogin()[pri:0, instance:tests.LoginTest@399f45b1]" started-at="2025-09-03T12:38:10 IST" name="testValidationLogin" finished-at="2025-09-03T12:38:12 IST" duration-ms="1425" status="PASS">
          <reporter-output>
          </reporter-output>
        </test-method> <!-- testValidationLogin -->
      </class> <!-- tests.LoginTest -->
    </test> <!-- Default test -->
  </suite> <!-- Default suite -->
</testng-results>
