<?xml version="1.0" encoding="UTF-8"?>
<!-- Generated by org.testng.reporters.JUnitXMLReporter -->
<testsuite ignored="0" hostname="Saifs-MacBook-Air.local" failures="0" tests="4" name="run class Annotatipns" time="0.025" errors="0" timestamp="2025-09-01T01:02:27 IST">
  <testcase classname="demoTestNg.Configurations_1_Datepickers" name="test1_BootstrapDatePicker" time="0.003"/>
  <testcase classname="demoTestNg.Configurations_1_Datepickers" name="test2_JQueryDatePicker" time="0.0"/>
  <testcase classname="demoTestNg.Configurations_2_ListBox" name="test1_JQueyListBox" time="0.001"/>
  <testcase classname="demoTestNg.Configurations_2_ListBox" name="test2_JQueryListBox" time="0.0"/>
</testsuite> <!-- run class Annotatipns -->
